C000  4C F5 C5
C5F5  A2 00
C5F7  86 00
C5F9  86 10
C5FB  86 11
C5FD  20 2D C7
C72D  EA
C72E  38
C72F  B0 04
C735  EA
C736  18
C737  B0 03
C739  4C 40 C7
C740  EA
C741  38
C742  90 03
C744  4C 4B C7
C74B  EA
C74C  18
C74D  90 04
C753  EA
C754  A9 00
C756  F0 04
C75C  EA
C75D  A9 40
C75F  F0 03
C761  4C 68 C7
C768  EA
C769  A9 40
C76B  D0 04
C771  EA
C772  A9 00
C774  D0 03
C776  4C 7D C7
C77D  EA
C77E  A9 FF
C780  85 01
C782  24 01
C784  70 04
C78A  EA
C78B  24 01
C78D  50 03
C78F  4C 96 C7
C796  EA
C797  A9 00
C799  85 01
C79B  24 01
C79D  50 04
C7A3  EA
C7A4  24 01
C7A6  70 03
C7A8  4C AF C7
C7AF  EA
C7B0  A9 00
C7B2  10 04
C7B8  EA
C7B9  A9 80
C7BB  10 03
C7BD  4C D9 C7
C7D9  EA
C7DA  60
C600  20 DB C7
C7DB  EA
C7DC  A9 FF
C7DE  85 01
C7E0  24 01
C7E2  A9 00
C7E4  38
C7E5  78
C7E6  F8
C7E7  08
C7E8  68
C7E9  29 EF
C7EB  C9 6F
C7ED  F0 04
C7F3  EA
C7F4  A9 40
C7F6  85 01
C7F8  24 01
C7FA  D8
C7FB  A9 10
C7FD  18
C7FE  08
C7FF  68
C800  29 EF
C802  C9 64
C804  F0 04
C80A  EA
C80B  A9 80
C80D  85 01
C80F  24 01
C811  F8
C812  A9 00
C814  38
C815  08
C816  68
C817  29 EF
C819  C9 2F
C81B  F0 04
C821  EA
C822  A9 FF
C824  48
C825  28
C826  D0 09
C828  10 07
C82A  50 05
C82C  90 03
C82E  4C 35 C8
C835  EA
C836  A9 04
C838  48
C839  28
C83A  F0 09
C83C  30 07
C83E  70 05
C840  B0 03
C842  4C 49 C8
C849  EA
C84A  F8
C84B  A9 FF
C84D  85 01
C84F  24 01
C851  18
C852  A9 00
C854  48
C855  A9 FF
C857  68
C858  D0 09
C85A  30 07
C85C  50 05
C85E  B0 03
C860  4C 67 C8
C867  EA
C868  A9 00
C86A  85 01
C86C  24 01
C86E  38
C86F  A9 FF
C871  48
C872  A9 00
C874  68
C875  F0 09
C877  10 07
C879  70 05
C87B  90 03
C87D  4C 84 C8
C884  60
C603  20 85 C8
C885  EA
C886  18
C887  A9 FF
C889  85 01
C88B  24 01
C88D  A9 55
C88F  09 AA
C891  B0 0B
C893  10 09
C895  C9 FF
C897  D0 05
C899  50 03
C89B  4C A2 C8
C8A2  EA
C8A3  38
C8A4  B8
C8A5  A9 00
C8A7  09 00
C8A9  D0 09
C8AB  70 07
C8AD  90 05
C8AF  30 03
C8B1  4C B8 C8
C8B8  EA
C8B9  18
C8BA  24 01
C8BC  A9 55
C8BE  29 AA
C8C0  D0 09
C8C2  50 07
C8C4  B0 05
C8C6  30 03
C8C8  4C CF C8
C8CF  EA
C8D0  38
C8D1  B8
C8D2  A9 F8
C8D4  29 EF
C8D6  90 0B
C8D8  10 09
C8DA  C9 E8
C8DC  D0 05
C8DE  70 03
C8E0  4C E7 C8
C8E7  EA
C8E8  18
C8E9  24 01
C8EB  A9 5F
C8ED  49 AA
C8EF  B0 0B
C8F1  10 09
C8F3  C9 F5
C8F5  D0 05
C8F7  50 03
C8F9  4C 00 C9
C900  EA
C901  38
C902  B8
C903  A9 70
C905  49 70
C907  D0 09
C909  70 07
C90B  90 05
C90D  30 03
C90F  4C 16 C9
C916  EA
C917  18
C918  24 01
C91A  A9 00
C91C  69 69
C91E  30 0B
C920  B0 09
C922  C9 69
C924  D0 05
C926  70 03
C928  4C 2F C9
C92F  EA
C930  38
C931  F8
C932  24 01
C934  A9 01
C936  69 69
C938  30 0B
C93A  B0 09
C93C  C9 6B
C93E  D0 05
C940  70 03
C942  4C 49 C9
C949  EA
C94A  D8
C94B  38
C94C  B8
C94D  A9 7F
C94F  69 7F
C951  10 0B
C953  B0 09
C955  C9 FF
C957  D0 05
C959  50 03
C95B  4C 62 C9
C962  EA
C963  18
C964  24 01
C966  A9 7F
C968  69 80
C96A  10 0B
C96C  B0 09
C96E  C9 FF
C970  D0 05
C972  70 03
C974  4C 7B C9
C97B  EA
C97C  38
C97D  B8
C97E  A9 7F
C980  69 80
C982  D0 09
C984  30 07
C986  70 05
C988  90 03
C98A  4C 91 C9
C991  EA
C992  38
C993  B8
C994  A9 9F
C996  F0 09
C998  10 07
C99A  70 05
C99C  90 03
C99E  4C A5 C9
C9A5  EA
C9A6  18
C9A7  24 01
C9A9  A9 00
C9AB  D0 09
C9AD  30 07
C9AF  50 05
C9B1  B0 03
C9B3  4C BA C9
C9BA  EA
C9BB  24 01
C9BD  A9 40
C9BF  C9 40
C9C1  30 09
C9C3  90 07
C9C5  D0 05
C9C7  50 03
C9C9  4C D0 C9
C9D0  EA
C9D1  B8
C9D2  C9 3F
C9D4  F0 09
C9D6  30 07
C9D8  90 05
C9DA  70 03
C9DC  4C E3 C9
C9E3  EA
C9E4  C9 41
C9E6  F0 07
C9E8  10 05
C9EA  10 03
C9EC  4C F3 C9
C9F3  EA
C9F4  A9 80
C9F6  C9 00
C9F8  F0 07
C9FA  10 05
C9FC  90 03
C9FE  4C 05 CA
CA05  EA
CA06  C9 80
CA08  D0 07
CA0A  30 05
CA0C  90 03
CA0E  4C 15 CA
CA15  EA
CA16  C9 81
CA18  B0 07
CA1A  F0 05
CA1C  10 03
CA1E  4C 25 CA
CA25  EA
CA26  C9 7F
CA28  90 07
CA2A  F0 05
CA2C  30 03
CA2E  4C 35 CA
CA35  EA
CA36  24 01
CA38  A0 40
CA3A  C0 40
CA3C  D0 09
CA3E  30 07
CA40  90 05
CA42  50 03
CA44  4C 4B CA
CA4B  EA
CA4C  B8
CA4D  C0 3F
CA4F  F0 09
CA51  30 07
CA53  90 05
CA55  70 03
CA57  4C 5E CA
CA5E  EA
CA5F  C0 41
CA61  F0 07
CA63  10 05
CA65  10 03
CA67  4C 6E CA
CA6E  EA
CA6F  A0 80
CA71  C0 00
CA73  F0 07
CA75  10 05
CA77  90 03
CA79  4C 80 CA
CA80  EA
CA81  C0 80
CA83  D0 07
CA85  30 05
CA87  90 03
CA89  4C 90 CA
CA90  EA
CA91  C0 81
CA93  B0 07
CA95  F0 05
CA97  10 03
CA99  4C A0 CA
CAA0  EA
CAA1  C0 7F
CAA3  90 07
CAA5  F0 05
CAA7  30 03
CAA9  4C B0 CA
CAB0  EA
CAB1  24 01
CAB3  A2 40
CAB5  E0 40
CAB7  D0 09
CAB9  30 07
CABB  90 05
CABD  50 03
CABF  4C C6 CA
CAC6  EA
CAC7  B8
CAC8  E0 3F
CACA  F0 09
CACC  30 07
CACE  90 05
CAD0  70 03
CAD2  4C D9 CA
CAD9  EA
CADA  E0 41
CADC  F0 07
CADE  10 05
CAE0  10 03
CAE2  4C E9 CA
CAE9  EA
CAEA  A2 80
CAEC  E0 00
CAEE  F0 07
CAF0  10 05
CAF2  90 03
CAF4  4C FB CA
CAFB  EA
CAFC  E0 80
CAFE  D0 07
CB00  30 05
CB02  90 03
CB04  4C 0B CB
CB0B  EA
CB0C  E0 81
CB0E  B0 07
CB10  F0 05
CB12  10 03
CB14  4C 1B CB
CB1B  EA
CB1C  E0 7F
CB1E  90 07
CB20  F0 05
CB22  30 03
CB24  4C 2B CB
CB2B  EA
CB2C  38
CB2D  B8
CB2E  A2 9F
CB30  F0 09
CB32  10 07
CB34  70 05
CB36  90 03
CB38  4C 3F CB
CB3F  EA
CB40  18
CB41  24 01
CB43  A2 00
CB45  D0 09
CB47  30 07
CB49  50 05
CB4B  B0 03
CB4D  4C 54 CB
CB54  EA
CB55  38
CB56  B8
CB57  A0 9F
CB59  F0 09
CB5B  10 07
CB5D  70 05
CB5F  90 03
CB61  4C 68 CB
CB68  EA
CB69  18
CB6A  24 01
CB6C  A0 00
CB6E  D0 09
CB70  30 07
CB72  50 05
CB74  B0 03
CB76  4C 7D CB
CB7D  EA
CB7E  A9 55
CB80  A2 AA
CB82  A0 33
CB84  C9 55
CB86  D0 23
CB88  E0 AA
CB8A  D0 1F
CB8C  C0 33
CB8E  D0 1B
CB90  C9 55
CB92  D0 17
CB94  E0 AA
CB96  D0 13
CB98  C0 33
CB9A  D0 0F
CB9C  C9 56
CB9E  F0 0B
CBA0  E0 AB
CBA2  F0 07
CBA4  C0 34
CBA6  F0 03
CBA8  4C AF CB
CBAF  A0 71
CBB1  20 31 F9
F931  24 01
F933  A9 40
F935  38
F936  60
CBB4  E9 40
CBB6  20 37 F9
F937  30 0B
F939  90 09
F93B  D0 07
F93D  70 05
F93F  C9 00
F941  D0 01
F943  60
CBB9  C8
CBBA  20 47 F9
F947  B8
F948  38
F949  A9 40
F94B  60
CBBD  E9 3F
CBBF  20 4C F9
F94C  F0 0B
F94E  30 09
F950  90 07
F952  70 05
F954  C9 01
F956  D0 01
F958  60
CBC2  C8
CBC3  20 5C F9
F95C  A9 40
F95E  38
F95F  24 01
F961  60
CBC6  E9 41
CBC8  20 62 F9
F962  B0 0B
F964  F0 09
F966  10 07
F968  70 05
F96A  C9 FF
F96C  D0 01
F96E  60
CBCB  C8
CBCC  20 72 F9
F972  18
F973  A9 80
F975  60
CBCF  E9 00
CBD1  20 76 F9
F976  90 05
F978  C9 7F
F97A  D0 01
F97C  60
CBD4  C8
CBD5  20 80 F9
F980  38
F981  A9 81
F983  60
CBD8  E9 7F
CBDA  20 84 F9
F984  50 07
F986  90 05
F988  C9 02
F98A  D0 01
F98C  60
CBDD  60
C606  20 DE CB
CBDE  EA
CBDF  A9 FF
CBE1  85 01
CBE3  A9 44
CBE5  A2 55
CBE7  A0 66
CBE9  E8
CBEA  88
CBEB  E0 56
CBED  D0 21
CBEF  C0 65
CBF1  D0 1D
CBF3  E8
CBF4  E8
CBF5  88
CBF6  88
CBF7  E0 58
CBF9  D0 15
CBFB  C0 63
CBFD  D0 11
CBFF  CA
CC00  C8
CC01  E0 57
CC03  D0 0B
CC05  C0 64
CC07  D0 07
CC09  C9 44
CC0B  D0 03
CC0D  4C 14 CC
CC14  EA
CC15  38
CC16  A2 69
CC18  A9 96
CC1A  24 01
CC1C  A0 FF
CC1E  C8
CC1F  D0 3D
CC21  30 3B
CC23  90 39
CC25  50 37
CC27  C0 00
CC29  D0 33
CC2B  C8
CC2C  F0 30
CC2E  30 2E
CC30  90 2C
CC32  50 2A
CC34  18
CC35  B8
CC36  A0 00
CC38  88
CC39  F0 23
CC3B  10 21
CC3D  B0 1F
CC3F  70 1D
CC41  C0 FF
CC43  D0 19
CC45  18
CC46  88
CC47  F0 15
CC49  10 13
CC4B  B0 11
CC4D  70 0F
CC4F  C0 FE
CC51  D0 0B
CC53  C9 96
CC55  D0 07
CC57  E0 69
CC59  D0 03
CC5B  4C 62 CC
CC62  EA
CC63  38
CC64  A0 69
CC66  A9 96
CC68  24 01
CC6A  A2 FF
CC6C  E8
CC6D  D0 3D
CC6F  30 3B
CC71  90 39
CC73  50 37
CC75  E0 00
CC77  D0 33
CC79  E8
CC7A  F0 30
CC7C  30 2E
CC7E  90 2C
CC80  50 2A
CC82  18
CC83  B8
CC84  A2 00
CC86  CA
CC87  F0 23
CC89  10 21
CC8B  B0 1F
CC8D  70 1D
CC8F  E0 FF
CC91  D0 19
CC93  18
CC94  CA
CC95  F0 15
CC97  10 13
CC99  B0 11
CC9B  70 0F
CC9D  E0 FE
CC9F  D0 0B
CCA1  C9 96
CCA3  D0 07
CCA5  C0 69
CCA7  D0 03
CCA9  4C B0 CC
CCB0  EA
CCB1  A9 85
CCB3  A2 34
CCB5  A0 99
CCB7  18
CCB8  24 01
CCBA  A8
CCBB  F0 2E
CCBD  B0 2C
CCBF  50 2A
CCC1  10 28
CCC3  C9 85
CCC5  D0 24
CCC7  E0 34
CCC9  D0 20
CCCB  C0 85
CCCD  D0 1C
CCCF  A9 00
CCD1  38
CCD2  B8
CCD3  A8
CCD4  D0 15
CCD6  90 13
CCD8  70 11
CCDA  30 0F
CCDC  C9 00
CCDE  D0 0B
CCE0  E0 34
CCE2  D0 07
CCE4  C0 00
CCE6  D0 03
CCE8  4C EF CC
CCEF  EA
CCF0  A9 85
CCF2  A2 34
CCF4  A0 99
CCF6  18
CCF7  24 01
CCF9  AA
CCFA  F0 2E
CCFC  B0 2C
CCFE  50 2A
CD00  10 28
CD02  C9 85
CD04  D0 24
CD06  E0 85
CD08  D0 20
CD0A  C0 99
CD0C  D0 1C
CD0E  A9 00
CD10  38
CD11  B8
CD12  AA
CD13  D0 15
CD15  90 13
CD17  70 11
CD19  30 0F
CD1B  C9 00
CD1D  D0 0B
CD1F  E0 00
CD21  D0 07
CD23  C0 99
CD25  D0 03
CD27  4C 2E CD
CD2E  EA
CD2F  A9 85
CD31  A2 34
CD33  A0 99
CD35  18
CD36  24 01
CD38  98
CD39  F0 2E
CD3B  B0 2C
CD3D  50 2A
CD3F  10 28
CD41  C9 99
CD43  D0 24
CD45  E0 34
CD47  D0 20
CD49  C0 99
CD4B  D0 1C
CD4D  A0 00
CD4F  38
CD50  B8
CD51  98
CD52  D0 15
CD54  90 13
CD56  70 11
CD58  30 0F
CD5A  C9 00
CD5C  D0 0B
CD5E  E0 34
CD60  D0 07
CD62  C0 00
CD64  D0 03
CD66  4C 6D CD
CD6D  EA
CD6E  A9 85
CD70  A2 34
CD72  A0 99
CD74  18
CD75  24 01
CD77  8A
CD78  F0 2E
CD7A  B0 2C
CD7C  50 2A
CD7E  30 28
CD80  C9 34
CD82  D0 24
CD84  E0 34
CD86  D0 20
CD88  C0 99
CD8A  D0 1C
CD8C  A2 00
CD8E  38
CD8F  B8
CD90  8A
CD91  D0 15
CD93  90 13
CD95  70 11
CD97  30 0F
CD99  C9 00
CD9B  D0 0B
CD9D  E0 00
CD9F  D0 07
CDA1  C0 99
CDA3  D0 03
CDA5  4C AC CD
CDAC  EA
CDAD  BA
CDAE  8E FF 07
CDB1  A0 33
CDB3  A2 69
CDB5  A9 84
CDB7  18
CDB8  24 01
CDBA  9A
CDBB  F0 32
CDBD  10 30
CDBF  B0 2E
CDC1  50 2C
CDC3  C9 84
CDC5  D0 28
CDC7  E0 69
CDC9  D0 24
CDCB  C0 33
CDCD  D0 20
CDCF  A0 01
CDD1  A9 04
CDD3  38
CDD4  B8
CDD5  A2 00
CDD7  BA
CDD8  F0 15
CDDA  30 13
CDDC  90 11
CDDE  70 0F
CDE0  E0 69
CDE2  D0 0B
CDE4  C9 04
CDE6  D0 07
CDE8  C0 01
CDEA  D0 03
CDEC  4C F3 CD
CDF3  AE FF 07
CDF6  9A
CDF7  60
C609  20 F8 CD
CDF8  A9 FF
CDFA  85 01
CDFC  BA
CDFD  8E FF 07
CE00  EA
CE01  A2 80
CE03  9A
CE04  A9 33
CE06  48
CE07  A9 69
CE09  48
CE0A  BA
CE0B  E0 7E
CE0D  D0 20
CE0F  68
CE10  C9 69
CE12  D0 1B
CE14  68
CE15  C9 33
CE17  D0 16
CE19  BA
CE1A  E0 80
CE1C  D0 11
CE1E  AD 80 01
CE21  C9 33
CE23  D0 0A
CE25  AD 7F 01
CE28  C9 69
CE2A  D0 03
CE2C  4C 33 CE
CE33  EA
CE34  A2 80
CE36  9A
CE37  20 3D CE
CE3D  BA
CE3E  E0 7E
CE40  D0 19
CE42  68
CE43  68
CE44  BA
CE45  E0 80
CE47  D0 12
CE49  A9 00
CE4B  20 4E CE
CE4E  68
CE4F  C9 4D
CE51  D0 08
CE53  68
CE54  C9 CE
CE56  D0 03
CE58  4C 5F CE
CE5F  EA
CE60  A9 CE
CE62  48
CE63  A9 66
CE65  48
CE66  60
CE67  A2 77
CE69  A0 69
CE6B  18
CE6C  24 01
CE6E  A9 83
CE70  20 66 CE
CE66  60
CE73  F0 24
CE75  10 22
CE77  B0 20
CE79  50 1E
CE7B  C9 83
CE7D  D0 1A
CE7F  C0 69
CE81  D0 16
CE83  E0 77
CE85  D0 12
CE87  38
CE88  B8
CE89  A9 00
CE8B  20 66 CE
CE66  60
CE8E  D0 09
CE90  30 07
CE92  90 05
CE94  70 03
CE96  4C 9D CE
CE9D  EA
CE9E  A9 CE
CEA0  48
CEA1  A9 AE
CEA3  48
CEA4  A9 65
CEA6  48
CEA7  A9 55
CEA9  A0 88
CEAB  A2 99
CEAD  40
CEAE  30 35
CEB0  50 33
CEB2  F0 31
CEB4  90 2F
CEB6  C9 55
CEB8  D0 2B
CEBA  C0 88
CEBC  D0 27
CEBE  E0 99
CEC0  D0 23
CEC2  A9 CE
CEC4  48
CEC5  A9 CE
CEC7  48
CEC8  A9 87
CECA  48
CECB  A9 55
CECD  40
CECE  10 15
CED0  70 13
CED2  D0 11
CED4  90 0F
CED6  C9 55
CED8  D0 0B
CEDA  C0 88
CEDC  D0 07
CEDE  E0 99
CEE0  D0 03
CEE2  4C E9 CE
CEE9  AE FF 07
CEEC  9A
CEED  60
C60C  20 EE CE
CEEE  A2 55
CEF0  A0 69
CEF2  A9 FF
CEF4  85 01
CEF6  EA
CEF7  24 01
CEF9  38
CEFA  A9 01
CEFC  4A
CEFD  90 1D
CEFF  D0 1B
CF01  30 19
CF03  50 17
CF05  C9 00
CF07  D0 13
CF09  B8
CF0A  A9 AA
CF0C  4A
CF0D  B0 0D
CF0F  F0 0B
CF11  30 09
CF13  70 07
CF15  C9 55
CF17  D0 03
CF19  4C 20 CF
CF20  EA
CF21  24 01
CF23  38
CF24  A9 80
CF26  0A
CF27  90 1E
CF29  D0 1C
CF2B  30 1A
CF2D  50 18
CF2F  C9 00
CF31  D0 14
CF33  B8
CF34  38
CF35  A9 55
CF37  0A
CF38  B0 0D
CF3A  F0 0B
CF3C  10 09
CF3E  70 07
CF40  C9 AA
CF42  D0 03
CF44  4C 4B CF
CF4B  EA
CF4C  24 01
CF4E  38
CF4F  A9 01
CF51  6A
CF52  90 1E
CF54  F0 1C
CF56  10 1A
CF58  50 18
CF5A  C9 80
CF5C  D0 14
CF5E  B8
CF5F  18
CF60  A9 55
CF62  6A
CF63  90 0D
CF65  F0 0B
CF67  30 09
CF69  70 07
CF6B  C9 2A
CF6D  D0 03
CF6F  4C 76 CF
CF76  EA
CF77  24 01
CF79  38
CF7A  A9 80
CF7C  2A
CF7D  90 1E
CF7F  F0 1C
CF81  30 1A
CF83  50 18
CF85  C9 01
CF87  D0 14
CF89  B8
CF8A  18
CF8B  A9 55
CF8D  2A
CF8E  B0 0D
CF90  F0 0B
CF92  10 09
CF94  70 07
CF96  C9 AA
CF98  D0 03
CF9A  4C A1 CF
CFA1  60
C60F  20 A2 CF
CFA2  A5 00
CFA4  8D FF 07
CFA7  A9 00
CFA9  85 80
CFAB  A9 02
CFAD  85 81
CFAF  A9 FF
CFB1  85 01
CFB3  A9 00
CFB5  85 82
CFB7  A9 03
CFB9  85 83
CFBB  85 84
CFBD  A9 00
CFBF  85 FF
CFC1  A9 04
CFC3  85 00
CFC5  A9 5A
CFC7  8D 00 02
CFCA  A9 5B
CFCC  8D 00 03
CFCF  A9 5C
CFD1  8D 03 03
CFD4  A9 5D
CFD6  8D 00 04
CFD9  A2 00
CFDB  A1 80
CFDD  C9 5A
CFDF  D0 1F
CFE1  E8
CFE2  E8
CFE3  A1 80
CFE5  C9 5B
CFE7  D0 17
CFE9  E8
CFEA  A1 80
CFEC  C9 5C
CFEE  D0 10
CFF0  A2 00
CFF2  A1 FF
CFF4  C9 5D
CFF6  D0 08
CFF8  A2 81
CFFA  A1 FF
CFFC  C9 5A
CFFE  F0 05
D005  A9 AA
D007  A2 00
D009  81 80
D00B  E8
D00C  E8
D00D  A9 AB
D00F  81 80
D011  E8
D012  A9 AC
D014  81 80
D016  A2 00
D018  A9 AD
D01A  81 FF
D01C  AD 00 02
D01F  C9 AA
D021  D0 15
D023  AD 00 03
D026  C9 AB
D028  D0 0E
D02A  AD 03 03
D02D  C9 AC
D02F  D0 07
D031  AD 00 04
D034  C9 AD
D036  F0 05
D03D  AD FF 07
D040  85 00
D042  A9 00
D044  8D 00 03
D047  A9 AA
D049  8D 00 02
D04C  A2 00
D04E  A0 5A
D050  20 B6 F7
F7B6  18
F7B7  A9 FF
F7B9  85 01
F7BB  24 01
F7BD  A9 55
F7BF  60
D053  01 80
D055  20 C0 F7
F7C0  B0 09
F7C2  10 07
F7C4  C9 FF
F7C6  D0 03
F7C8  50 01
F7CA  60
D058  C8
D059  20 CE F7
F7CE  38
F7CF  B8
F7D0  A9 00
F7D2  60
D05C  01 82
D05E  20 D3 F7
F7D3  D0 07
F7D5  70 05
F7D7  90 03
F7D9  30 01
F7DB  60
D061  C8
D062  20 DF F7
F7DF  18
F7E0  24 01
F7E2  A9 55
F7E4  60
D065  21 80
D067  20 E5 F7
F7E5  D0 07
F7E7  50 05
F7E9  B0 03
F7EB  30 01
F7ED  60
D06A  C8
D06B  A9 EF
D06D  8D 00 03
D070  20 F1 F7
F7F1  38
F7F2  B8
F7F3  A9 F8
F7F5  60
D073  21 82
D075  20 F6 F7
F7F6  90 09
F7F8  10 07
F7FA  C9 E8
F7FC  D0 03
F7FE  70 01
F800  60
D078  C8
D079  20 04 F8
F804  18
F805  24 01
F807  A9 5F
F809  60
D07C  41 80
D07E  20 0A F8
F80A  B0 09
F80C  10 07
F80E  C9 F5
F810  D0 03
F812  50 01
F814  60
D081  C8
D082  A9 70
D084  8D 00 03
D087  20 18 F8
F818  38
F819  B8
F81A  A9 70
F81C  60
D08A  41 82
D08C  20 1D F8
F81D  D0 07
F81F  70 05
F821  90 03
F823  30 01
F825  60
D08F  C8
D090  A9 69
D092  8D 00 02
D095  20 29 F8
F829  18
F82A  24 01
F82C  A9 00
F82E  60
D098  61 80
D09A  20 2F F8
F82F  30 09
F831  B0 07
F833  C9 69
F835  D0 03
F837  70 01
F839  60
D09D  C8
D09E  20 3D F8
F83D  38
F83E  24 01
F840  A9 00
F842  60
D0A1  61 80
D0A3  20 43 F8
F843  30 09
F845  B0 07
F847  C9 6A
F849  D0 03
F84B  70 01
F84D  60
D0A6  C8
D0A7  A9 7F
D0A9  8D 00 02
D0AC  20 51 F8
F851  38
F852  B8
F853  A9 7F
F855  60
D0AF  61 80
D0B1  20 56 F8
F856  10 09
F858  B0 07
F85A  C9 FF
F85C  D0 03
F85E  50 01
F860  60
D0B4  C8
D0B5  A9 80
D0B7  8D 00 02
D0BA  20 64 F8
F864  18
F865  24 01
F867  A9 7F
F869  60
D0BD  61 80
D0BF  20 6A F8
F86A  10 09
F86C  B0 07
F86E  C9 FF
F870  D0 03
F872  70 01
F874  60
D0C2  C8
D0C3  20 78 F8
F878  38
F879  B8
F87A  A9 7F
F87C  60
D0C6  61 80
D0C8  20 7D F8
F87D  D0 07
F87F  30 05
F881  70 03
F883  90 01
F885  60
D0CB  C8
D0CC  A9 40
D0CE  8D 00 02
D0D1  20 89 F8
F889  24 01
F88B  A9 40
F88D  60
D0D4  C1 80
D0D6  20 8E F8
F88E  30 07
F890  90 05
F892  D0 03
F894  50 01
F896  60
D0D9  C8
D0DA  48
D0DB  A9 3F
D0DD  8D 00 02
D0E0  68
D0E1  20 9A F8
F89A  B8
F89B  60
D0E4  C1 80
D0E6  20 9C F8
F89C  F0 07
F89E  30 05
F8A0  90 03
F8A2  70 01
F8A4  60
D0E9  C8
D0EA  48
D0EB  A9 41
D0ED  8D 00 02
D0F0  68
D0F1  C1 80
D0F3  20 A8 F8
F8A8  F0 05
F8AA  10 03
F8AC  10 01
F8AE  60
D0F6  C8
D0F7  48
D0F8  A9 00
D0FA  8D 00 02
D0FD  68
D0FE  20 B2 F8
F8B2  A9 80
F8B4  60
D101  C1 80
D103  20 B5 F8
F8B5  F0 05
F8B7  10 03
F8B9  90 01
F8BB  60
D106  C8
D107  48
D108  A9 80
D10A  8D 00 02
D10D  68
D10E  C1 80
D110  20 BF F8
F8BF  D0 05
F8C1  30 03
F8C3  90 01
F8C5  60
D113  C8
D114  48
D115  A9 81
D117  8D 00 02
D11A  68
D11B  C1 80
D11D  20 C9 F8
F8C9  B0 05
F8CB  F0 03
F8CD  10 01
F8CF  60
D120  C8
D121  48
D122  A9 7F
D124  8D 00 02
D127  68
D128  C1 80
D12A  20 D3 F8
F8D3  90 05
F8D5  F0 03
F8D7  30 01
F8D9  60
D12D  C8
D12E  A9 40
D130  8D 00 02
D133  20 31 F9
F931  24 01
F933  A9 40
F935  38
F936  60
D136  E1 80
D138  20 37 F9
F937  30 0B
F939  90 09
F93B  D0 07
F93D  70 05
F93F  C9 00
F941  D0 01
F943  60
D13B  C8
D13C  A9 3F
D13E  8D 00 02
D141  20 47 F9
F947  B8
F948  38
F949  A9 40
F94B  60
D144  E1 80
D146  20 4C F9
F94C  F0 0B
F94E  30 09
F950  90 07
F952  70 05
F954  C9 01
F956  D0 01
F958  60
D149  C8
D14A  A9 41
D14C  8D 00 02
D14F  20 5C F9
F95C  A9 40
F95E  38
F95F  24 01
F961  60
D152  E1 80
D154  20 62 F9
F962  B0 0B
F964  F0 09
F966  10 07
F968  70 05
F96A  C9 FF
F96C  D0 01
F96E  60
D157  C8
D158  A9 00
D15A  8D 00 02
D15D  20 72 F9
F972  18
F973  A9 80
F975  60
D160  E1 80
D162  20 76 F9
F976  90 05
F978  C9 7F
F97A  D0 01
F97C  60
D165  C8
D166  A9 7F
D168  8D 00 02
D16B  20 80 F9
F980  38
F981  A9 81
F983  60
D16E  E1 80
D170  20 84 F9
F984  50 07
F986  90 05
F988  C9 02
F98A  D0 01
F98C  60
D173  60
C612  20 74 D1
D174  A9 55
D176  85 78
D178  A9 FF
D17A  85 01
D17C  24 01
D17E  A0 11
D180  A2 23
D182  A9 00
D184  A5 78
D186  F0 10
D188  30 0E
D18A  C9 55
D18C  D0 0A
D18E  C0 11
D190  D0 06
D192  E0 23
D194  50 02
D196  F0 04
D19C  A9 46
D19E  24 01
D1A0  85 78
D1A2  F0 0A
D1A4  10 08
D1A6  50 06
D1A8  A5 78
D1AA  C9 46
D1AC  F0 04
D1B2  A9 55
D1B4  85 78
D1B6  24 01
D1B8  A9 11
D1BA  A2 23
D1BC  A0 00
D1BE  A4 78
D1C0  F0 10
D1C2  30 0E
D1C4  C0 55
D1C6  D0 0A
D1C8  C9 11
D1CA  D0 06
D1CC  E0 23
D1CE  50 02
D1D0  F0 04
D1D6  A0 46
D1D8  24 01
D1DA  84 78
D1DC  F0 0A
D1DE  10 08
D1E0  50 06
D1E2  A4 78
D1E4  C0 46
D1E6  F0 04
D1EC  24 01
D1EE  A9 55
D1F0  85 78
D1F2  A0 11
D1F4  A9 23
D1F6  A2 00
D1F8  A6 78
D1FA  F0 10
D1FC  30 0E
D1FE  E0 55
D200  D0 0A
D202  C0 11
D204  D0 06
D206  C9 23
D208  50 02
D20A  F0 04
D210  A2 46
D212  24 01
D214  86 78
D216  F0 0A
D218  10 08
D21A  50 06
D21C  A6 78
D21E  E0 46
D220  F0 04
D226  A9 C0
D228  85 78
D22A  A2 33
D22C  A0 88
D22E  A9 05
D230  24 78
D232  10 10
D234  50 0E
D236  D0 0C
D238  C9 05
D23A  D0 08
D23C  E0 33
D23E  D0 04
D240  C0 88
D242  F0 04
D248  A9 03
D24A  85 78
D24C  A9 01
D24E  24 78
D250  30 08
D252  70 06
D254  F0 04
D256  C9 01
D258  F0 04
D25E  A0 7E
D260  A9 AA
D262  85 78
D264  20 B6 F7
F7B6  18
F7B7  A9 FF
F7B9  85 01
F7BB  24 01
F7BD  A9 55
F7BF  60
D267  05 78
D269  20 C0 F7
F7C0  B0 09
F7C2  10 07
F7C4  C9 FF
F7C6  D0 03
F7C8  50 01
F7CA  60
D26C  C8
D26D  A9 00
D26F  85 78
D271  20 CE F7
F7CE  38
F7CF  B8
F7D0  A9 00
F7D2  60
D274  05 78
D276  20 D3 F7
F7D3  D0 07
F7D5  70 05
F7D7  90 03
F7D9  30 01
F7DB  60
D279  C8
D27A  A9 AA
D27C  85 78
D27E  20 DF F7
F7DF  18
F7E0  24 01
F7E2  A9 55
F7E4  60
D281  25 78
D283  20 E5 F7
F7E5  D0 07
F7E7  50 05
F7E9  B0 03
F7EB  30 01
F7ED  60
D286  C8
D287  A9 EF
D289  85 78
D28B  20 F1 F7
F7F1  38
F7F2  B8
F7F3  A9 F8
F7F5  60
D28E  25 78
D290  20 F6 F7
F7F6  90 09
F7F8  10 07
F7FA  C9 E8
F7FC  D0 03
F7FE  70 01
F800  60
D293  C8
D294  A9 AA
D296  85 78
D298  20 04 F8
F804  18
F805  24 01
F807  A9 5F
F809  60
D29B  45 78
D29D  20 0A F8
F80A  B0 09
F80C  10 07
F80E  C9 F5
F810  D0 03
F812  50 01
F814  60
D2A0  C8
D2A1  A9 70
D2A3  85 78
D2A5  20 18 F8
F818  38
F819  B8
F81A  A9 70
F81C  60
D2A8  45 78
D2AA  20 1D F8
F81D  D0 07
F81F  70 05
F821  90 03
F823  30 01
F825  60
D2AD  C8
D2AE  A9 69
D2B0  85 78
D2B2  20 29 F8
F829  18
F82A  24 01
F82C  A9 00
F82E  60
D2B5  65 78
D2B7  20 2F F8
F82F  30 09
F831  B0 07
F833  C9 69
F835  D0 03
F837  70 01
F839  60
D2BA  C8
D2BB  20 3D F8
F83D  38
F83E  24 01
F840  A9 00
F842  60
D2BE  65 78
D2C0  20 43 F8
F843  30 09
F845  B0 07
F847  C9 6A
F849  D0 03
F84B  70 01
F84D  60
D2C3  C8
D2C4  A9 7F
D2C6  85 78
D2C8  20 51 F8
F851  38
F852  B8
F853  A9 7F
F855  60
D2CB  65 78
D2CD  20 56 F8
F856  10 09
F858  B0 07
F85A  C9 FF
F85C  D0 03
F85E  50 01
F860  60
D2D0  C8
D2D1  A9 80
D2D3  85 78
D2D5  20 64 F8
F864  18
F865  24 01
F867  A9 7F
F869  60
D2D8  65 78
D2DA  20 6A F8
F86A  10 09
F86C  B0 07
F86E  C9 FF
F870  D0 03
F872  70 01
F874  60
D2DD  C8
D2DE  20 78 F8
F878  38
F879  B8
F87A  A9 7F
F87C  60
D2E1  65 78
D2E3  20 7D F8
F87D  D0 07
F87F  30 05
F881  70 03
F883  90 01
F885  60
D2E6  C8
D2E7  A9 40
D2E9  85 78
D2EB  20 89 F8
F889  24 01
F88B  A9 40
F88D  60
D2EE  C5 78
D2F0  20 8E F8
F88E  30 07
F890  90 05
F892  D0 03
F894  50 01
F896  60
D2F3  C8
D2F4  48
D2F5  A9 3F
D2F7  85 78
D2F9  68
D2FA  20 9A F8
F89A  B8
F89B  60
D2FD  C5 78
D2FF  20 9C F8
F89C  F0 07
F89E  30 05
F8A0  90 03
F8A2  70 01
F8A4  60
D302  C8
D303  48
D304  A9 41
D306  85 78
D308  68
D309  C5 78
D30B  20 A8 F8
F8A8  F0 05
F8AA  10 03
F8AC  10 01
F8AE  60
D30E  C8
D30F  48
D310  A9 00
D312  85 78
D314  68
D315  20 B2 F8
F8B2  A9 80
F8B4  60
D318  C5 78
D31A  20 B5 F8
F8B5  F0 05
F8B7  10 03
F8B9  90 01
F8BB  60
D31D  C8
D31E  48
D31F  A9 80
D321  85 78
D323  68
D324  C5 78
D326  20 BF F8
F8BF  D0 05
F8C1  30 03
F8C3  90 01
F8C5  60
D329  C8
D32A  48
D32B  A9 81
D32D  85 78
D32F  68
D330  C5 78
D332  20 C9 F8
F8C9  B0 05
F8CB  F0 03
F8CD  10 01
F8CF  60
D335  C8
D336  48
D337  A9 7F
D339  85 78
D33B  68
D33C  C5 78
D33E  20 D3 F8
F8D3  90 05
F8D5  F0 03
F8D7  30 01
F8D9  60
D341  C8
D342  A9 40
D344  85 78
D346  20 31 F9
F931  24 01
F933  A9 40
F935  38
F936  60
D349  E5 78
D34B  20 37 F9
F937  30 0B
F939  90 09
F93B  D0 07
F93D  70 05
F93F  C9 00
F941  D0 01
F943  60
D34E  C8
D34F  A9 3F
D351  85 78
D353  20 47 F9
F947  B8
F948  38
F949  A9 40
F94B  60
D356  E5 78
D358  20 4C F9
F94C  F0 0B
F94E  30 09
F950  90 07
F952  70 05
F954  C9 01
F956  D0 01
F958  60
D35B  C8
D35C  A9 41
D35E  85 78
D360  20 5C F9
F95C  A9 40
F95E  38
F95F  24 01
F961  60
D363  E5 78
D365  20 62 F9
F962  B0 0B
F964  F0 09
F966  10 07
F968  70 05
F96A  C9 FF
F96C  D0 01
F96E  60
D368  C8
D369  A9 00
D36B  85 78
D36D  20 72 F9
F972  18
F973  A9 80
F975  60
D370  E5 78
D372  20 76 F9
F976  90 05
F978  C9 7F
F97A  D0 01
F97C  60
D375  C8
D376  A9 7F
D378  85 78
D37A  20 80 F9
F980  38
F981  A9 81
F983  60
D37D  E5 78
D37F  20 84 F9
F984  50 07
F986  90 05
F988  C9 02
F98A  D0 01
F98C  60
D382  C8
D383  A9 40
D385  85 78
D387  20 89 F8
F889  24 01
F88B  A9 40
F88D  60
D38A  AA
D38B  E4 78
D38D  20 8E F8
F88E  30 07
F890  90 05
F892  D0 03
F894  50 01
F896  60
D390  C8
D391  A9 3F
D393  85 78
D395  20 9A F8
F89A  B8
F89B  60
D398  E4 78
D39A  20 9C F8
F89C  F0 07
F89E  30 05
F8A0  90 03
F8A2  70 01
F8A4  60
D39D  C8
D39E  A9 41
D3A0  85 78
D3A2  E4 78
D3A4  20 A8 F8
F8A8  F0 05
F8AA  10 03
F8AC  10 01
F8AE  60
D3A7  C8
D3A8  A9 00
D3AA  85 78
D3AC  20 B2 F8
F8B2  A9 80
F8B4  60
D3AF  AA
D3B0  E4 78
D3B2  20 B5 F8
F8B5  F0 05
F8B7  10 03
F8B9  90 01
F8BB  60
D3B5  C8
D3B6  A9 80
D3B8  85 78
D3BA  E4 78
D3BC  20 BF F8
F8BF  D0 05
F8C1  30 03
F8C3  90 01
F8C5  60
D3BF  C8
D3C0  A9 81
D3C2  85 78
D3C4  E4 78
D3C6  20 C9 F8
F8C9  B0 05
F8CB  F0 03
F8CD  10 01
F8CF  60
D3C9  C8
D3CA  A9 7F
D3CC  85 78
D3CE  E4 78
D3D0  20 D3 F8
F8D3  90 05
F8D5  F0 03
F8D7  30 01
F8D9  60
D3D3  C8
D3D4  98
D3D5  AA
D3D6  A9 40
D3D8  85 78
D3DA  20 DD F8
F8DD  24 01
F8DF  A0 40
F8E1  60
D3DD  C4 78
D3DF  20 E2 F8
F8E2  30 07
F8E4  90 05
F8E6  D0 03
F8E8  50 01
F8EA  60
D3E2  E8
D3E3  A9 3F
D3E5  85 78
D3E7  20 EE F8
F8EE  B8
F8EF  60
D3EA  C4 78
D3EC  20 F0 F8
F8F0  F0 07
F8F2  30 05
F8F4  90 03
F8F6  70 01
F8F8  60
D3EF  E8
D3F0  A9 41
D3F2  85 78
D3F4  C4 78
D3F6  20 FC F8
F8FC  F0 05
F8FE  10 03
F900  10 01
F902  60
D3F9  E8
D3FA  A9 00
D3FC  85 78
D3FE  20 06 F9
F906  A0 80
F908  60
D401  C4 78
D403  20 09 F9
F909  F0 05
F90B  10 03
F90D  90 01
F90F  60
D406  E8
D407  A9 80
D409  85 78
D40B  C4 78
D40D  20 13 F9
F913  D0 05
F915  30 03
F917  90 01
F919  60
D410  E8
D411  A9 81
D413  85 78
D415  C4 78
D417  20 1D F9
F91D  B0 05
F91F  F0 03
F921  10 01
F923  60
D41A  E8
D41B  A9 7F
D41D  85 78
D41F  C4 78
D421  20 27 F9
F927  90 05
F929  F0 03
F92B  30 01
F92D  60
D424  E8
D425  8A
D426  A8
D427  20 90 F9
F990  A2 55
F992  A9 FF
F994  85 01
F996  EA
F997  24 01
F999  38
F99A  A9 01
F99C  60
D42A  85 78
D42C  46 78
D42E  A5 78
D430  20 9D F9
F99D  90 1B
F99F  D0 19
F9A1  30 17
F9A3  50 15
F9A5  C9 00
F9A7  D0 11
F9A9  B8
F9AA  A9 AA
F9AC  60
D433  C8
D434  85 78
D436  46 78
D438  A5 78
D43A  20 AD F9
F9AD  B0 0B
F9AF  F0 09
F9B1  30 07
F9B3  70 05
F9B5  C9 55
F9B7  D0 01
F9B9  60
D43D  C8
D43E  20 BD F9
F9BD  24 01
F9BF  38
F9C0  A9 80
F9C2  60
D441  85 78
D443  06 78
D445  A5 78
D447  20 C3 F9
F9C3  90 1C
F9C5  D0 1A
F9C7  30 18
F9C9  50 16
F9CB  C9 00
F9CD  D0 12
F9CF  B8
F9D0  A9 55
F9D2  38
F9D3  60
D44A  C8
D44B  85 78
D44D  06 78
D44F  A5 78
D451  20 D4 F9
F9D4  B0 0B
F9D6  F0 09
F9D8  10 07
F9DA  70 05
F9DC  C9 AA
F9DE  D0 01
F9E0  60
D454  C8
D455  20 E4 F9
F9E4  24 01
F9E6  38
F9E7  A9 01
F9E9  60
D458  85 78
D45A  66 78
D45C  A5 78
D45E  20 EA F9
F9EA  90 1C
F9EC  F0 1A
F9EE  10 18
F9F0  50 16
F9F2  C9 80
F9F4  D0 12
F9F6  B8
F9F7  18
F9F8  A9 55
F9FA  60
D461  C8
D462  85 78
D464  66 78
D466  A5 78
D468  20 FB F9
F9FB  90 0B
F9FD  F0 09
F9FF  30 07
FA01  70 05
FA03  C9 2A
FA05  D0 01
FA07  60
D46B  C8
D46C  20 0A FA
FA0A  24 01
FA0C  38
FA0D  A9 80
FA0F  60
D46F  85 78
D471  26 78
D473  A5 78
D475  20 10 FA
FA10  90 1C
FA12  F0 1A
FA14  30 18
FA16  50 16
FA18  C9 01
FA1A  D0 12
FA1C  B8
FA1D  18
FA1E  A9 55
FA20  60
D478  C8
D479  85 78
D47B  26 78
D47D  A5 78
D47F  20 21 FA
FA21  B0 0B
FA23  F0 09
FA25  10 07
FA27  70 05
FA29  C9 AA
FA2B  D0 01
FA2D  60
D482  A9 FF
D484  85 78
D486  85 01
D488  24 01
D48A  38
D48B  E6 78
D48D  D0 0C
D48F  30 0A
D491  50 08
D493  90 06
D495  A5 78
D497  C9 00
D499  F0 04
D49F  A9 7F
D4A1  85 78
D4A3  B8
D4A4  18
D4A5  E6 78
D4A7  F0 0C
D4A9  10 0A
D4AB  70 08
D4AD  B0 06
D4AF  A5 78
D4B1  C9 80
D4B3  F0 04
D4B9  A9 00
D4BB  85 78
D4BD  24 01
D4BF  38
D4C0  C6 78
D4C2  F0 0C
D4C4  10 0A
D4C6  50 08
D4C8  90 06
D4CA  A5 78
D4CC  C9 FF
D4CE  F0 04
D4D4  A9 80
D4D6  85 78
D4D8  B8
D4D9  18
D4DA  C6 78
D4DC  F0 0C
D4DE  30 0A
D4E0  70 08
D4E2  B0 06
D4E4  A5 78
D4E6  C9 7F
D4E8  F0 04
D4EE  A9 01
D4F0  85 78
D4F2  C6 78
D4F4  F0 04
D4FA  60
C615  20 FB D4
D4FB  A9 55
D4FD  8D 78 06
D500  A9 FF
D502  85 01
D504  24 01
D506  A0 11
D508  A2 23
D50A  A9 00
D50C  AD 78 06
D50F  F0 10
D511  30 0E
D513  C9 55
D515  D0 0A
D517  C0 11
D519  D0 06
D51B  E0 23
D51D  50 02
D51F  F0 04
D525  A9 46
D527  24 01
D529  8D 78 06
D52C  F0 0B
D52E  10 09
D530  50 07
D532  AD 78 06
D535  C9 46
D537  F0 04
D53D  A9 55
D53F  8D 78 06
D542  24 01
D544  A9 11
D546  A2 23
D548  A0 00
D54A  AC 78 06
D54D  F0 10
D54F  30 0E
D551  C0 55
D553  D0 0A
D555  C9 11
D557  D0 06
D559  E0 23
D55B  50 02
D55D  F0 04
D563  A0 46
D565  24 01
D567  8C 78 06
D56A  F0 0B
D56C  10 09
D56E  50 07
D570  AC 78 06
D573  C0 46
D575  F0 04
D57B  24 01
D57D  A9 55
D57F  8D 78 06
D582  A0 11
D584  A9 23
D586  A2 00
D588  AE 78 06
D58B  F0 10
D58D  30 0E
D58F  E0 55
D591  D0 0A
D593  C0 11
D595  D0 06
D597  C9 23
D599  50 02
D59B  F0 04
D5A1  A2 46
D5A3  24 01
D5A5  8E 78 06
D5A8  F0 0B
D5AA  10 09
D5AC  50 07
D5AE  AE 78 06
D5B1  E0 46
D5B3  F0 04
D5B9  A9 C0
D5BB  8D 78 06
D5BE  A2 33
D5C0  A0 88
D5C2  A9 05
D5C4  2C 78 06
D5C7  10 10
D5C9  50 0E
D5CB  D0 0C
D5CD  C9 05
D5CF  D0 08
D5D1  E0 33
D5D3  D0 04
D5D5  C0 88
D5D7  F0 04
D5DD  A9 03
D5DF  8D 78 06
D5E2  A9 01
D5E4  2C 78 06
D5E7  30 08
D5E9  70 06
D5EB  F0 04
D5ED  C9 01
D5EF  F0 04
D5F5  A0 B8
D5F7  A9 AA
D5F9  8D 78 06
D5FC  20 B6 F7
F7B6  18
F7B7  A9 FF
F7B9  85 01
F7BB  24 01
F7BD  A9 55
F7BF  60
D5FF  0D 78 06
D602  20 C0 F7
F7C0  B0 09
F7C2  10 07
F7C4  C9 FF
F7C6  D0 03
F7C8  50 01
F7CA  60
D605  C8
D606  A9 00
D608  8D 78 06
D60B  20 CE F7
F7CE  38
F7CF  B8
F7D0  A9 00
F7D2  60
D60E  0D 78 06
D611  20 D3 F7
F7D3  D0 07
F7D5  70 05
F7D7  90 03
F7D9  30 01
F7DB  60
D614  C8
D615  A9 AA
D617  8D 78 06
D61A  20 DF F7
F7DF  18
F7E0  24 01
F7E2  A9 55
F7E4  60
D61D  2D 78 06
D620  20 E5 F7
F7E5  D0 07
F7E7  50 05
F7E9  B0 03
F7EB  30 01
F7ED  60
D623  C8
D624  A9 EF
D626  8D 78 06
D629  20 F1 F7
F7F1  38
F7F2  B8
F7F3  A9 F8
F7F5  60
D62C  2D 78 06
D62F  20 F6 F7
F7F6  90 09
F7F8  10 07
F7FA  C9 E8
F7FC  D0 03
F7FE  70 01
F800  60
D632  C8
D633  A9 AA
D635  8D 78 06
D638  20 04 F8
F804  18
F805  24 01
F807  A9 5F
F809  60
D63B  4D 78 06
D63E  20 0A F8
F80A  B0 09
F80C  10 07
F80E  C9 F5
F810  D0 03
F812  50 01
F814  60
D641  C8
D642  A9 70
D644  8D 78 06
D647  20 18 F8
F818  38
F819  B8
F81A  A9 70
F81C  60
D64A  4D 78 06
D64D  20 1D F8
F81D  D0 07
F81F  70 05
F821  90 03
F823  30 01
F825  60
D650  C8
D651  A9 69
D653  8D 78 06
D656  20 29 F8
F829  18
F82A  24 01
F82C  A9 00
F82E  60
D659  6D 78 06
D65C  20 2F F8
F82F  30 09
F831  B0 07
F833  C9 69
F835  D0 03
F837  70 01
F839  60
D65F  C8
D660  20 3D F8
F83D  38
F83E  24 01
F840  A9 00
F842  60
D663  6D 78 06
D666  20 43 F8
F843  30 09
F845  B0 07
F847  C9 6A
F849  D0 03
F84B  70 01
F84D  60
D669  C8
D66A  A9 7F
D66C  8D 78 06
D66F  20 51 F8
F851  38
F852  B8
F853  A9 7F
F855  60
D672  6D 78 06
D675  20 56 F8
F856  10 09
F858  B0 07
F85A  C9 FF
F85C  D0 03
F85E  50 01
F860  60
D678  C8
D679  A9 80
D67B  8D 78 06
D67E  20 64 F8
F864  18
F865  24 01
F867  A9 7F
F869  60
D681  6D 78 06
D684  20 6A F8
F86A  10 09
F86C  B0 07
F86E  C9 FF
F870  D0 03
F872  70 01
F874  60
D687  C8
D688  20 78 F8
F878  38
F879  B8
F87A  A9 7F
F87C  60
D68B  6D 78 06
D68E  20 7D F8
F87D  D0 07
F87F  30 05
F881  70 03
F883  90 01
F885  60
D691  C8
D692  A9 40
D694  8D 78 06
D697  20 89 F8
F889  24 01
F88B  A9 40
F88D  60
D69A  CD 78 06
D69D  20 8E F8
F88E  30 07
F890  90 05
F892  D0 03
F894  50 01
F896  60
D6A0  C8
D6A1  48
D6A2  A9 3F
D6A4  8D 78 06
D6A7  68
D6A8  20 9A F8
F89A  B8
F89B  60
D6AB  CD 78 06
D6AE  20 9C F8
F89C  F0 07
F89E  30 05
F8A0  90 03
F8A2  70 01
F8A4  60
D6B1  C8
D6B2  48
D6B3  A9 41
D6B5  8D 78 06
D6B8  68
D6B9  CD 78 06
D6BC  20 A8 F8
F8A8  F0 05
F8AA  10 03
F8AC  10 01
F8AE  60
D6BF  C8
D6C0  48
D6C1  A9 00
D6C3  8D 78 06
D6C6  68
D6C7  20 B2 F8
F8B2  A9 80
F8B4  60
D6CA  CD 78 06
D6CD  20 B5 F8
F8B5  F0 05
F8B7  10 03
F8B9  90 01
F8BB  60
D6D0  C8
D6D1  48
D6D2  A9 80
D6D4  8D 78 06
D6D7  68
D6D8  CD 78 06
D6DB  20 BF F8
F8BF  D0 05
F8C1  30 03
F8C3  90 01
F8C5  60
D6DE  C8
D6DF  48
D6E0  A9 81
D6E2  8D 78 06
D6E5  68
D6E6  CD 78 06
D6E9  20 C9 F8
F8C9  B0 05
F8CB  F0 03
F8CD  10 01
F8CF  60
D6EC  C8
D6ED  48
D6EE  A9 7F
D6F0  8D 78 06
D6F3  68
D6F4  CD 78 06
D6F7  20 D3 F8
F8D3  90 05
F8D5  F0 03
F8D7  30 01
F8D9  60
D6FA  C8
D6FB  A9 40
D6FD  8D 78 06
D700  20 31 F9
F931  24 01
F933  A9 40
F935  38
F936  60
D703  ED 78 06
D706  20 37 F9
F937  30 0B
F939  90 09
F93B  D0 07
F93D  70 05
F93F  C9 00
F941  D0 01
F943  60
D709  C8
D70A  A9 3F
D70C  8D 78 06
D70F  20 47 F9
F947  B8
F948  38
F949  A9 40
F94B  60
D712  ED 78 06
D715  20 4C F9
F94C  F0 0B
F94E  30 09
F950  90 07
F952  70 05
F954  C9 01
F956  D0 01
F958  60
D718  C8
D719  A9 41
D71B  8D 78 06
D71E  20 5C F9
F95C  A9 40
F95E  38
F95F  24 01
F961  60
D721  ED 78 06
D724  20 62 F9
F962  B0 0B
F964  F0 09
F966  10 07
F968  70 05
F96A  C9 FF
F96C  D0 01
F96E  60
D727  C8
D728  A9 00
D72A  8D 78 06
D72D  20 72 F9
F972  18
F973  A9 80
F975  60
D730  ED 78 06
D733  20 76 F9
F976  90 05
F978  C9 7F
F97A  D0 01
F97C  60
D736  C8
D737  A9 7F
D739  8D 78 06
D73C  20 80 F9
F980  38
F981  A9 81
F983  60
D73F  ED 78 06
D742  20 84 F9
F984  50 07
F986  90 05
F988  C9 02
F98A  D0 01
F98C  60
D745  C8
D746  A9 40
D748  8D 78 06
D74B  20 89 F8
F889  24 01
F88B  A9 40
F88D  60
D74E  AA
D74F  EC 78 06
D752  20 8E F8
F88E  30 07
F890  90 05
F892  D0 03
F894  50 01
F896  60
D755  C8
D756  A9 3F
D758  8D 78 06
D75B  20 9A F8
F89A  B8
F89B  60
D75E  EC 78 06
D761  20 9C F8
F89C  F0 07
F89E  30 05
F8A0  90 03
F8A2  70 01
F8A4  60
D764  C8
D765  A9 41
D767  8D 78 06
D76A  EC 78 06
D76D  20 A8 F8
F8A8  F0 05
F8AA  10 03
F8AC  10 01
F8AE  60
D770  C8
D771  A9 00
D773  8D 78 06
D776  20 B2 F8
F8B2  A9 80
F8B4  60
D779  AA
D77A  EC 78 06
D77D  20 B5 F8
F8B5  F0 05
F8B7  10 03
F8B9  90 01
F8BB  60
D780  C8
D781  A9 80
D783  8D 78 06
D786  EC 78 06
D789  20 BF F8
F8BF  D0 05
F8C1  30 03
F8C3  90 01
F8C5  60
D78C  C8
D78D  A9 81
D78F  8D 78 06
D792  EC 78 06
D795  20 C9 F8
F8C9  B0 05
F8CB  F0 03
F8CD  10 01
F8CF  60
D798  C8
D799  A9 7F
D79B  8D 78 06
D79E  EC 78 06
D7A1  20 D3 F8
F8D3  90 05
F8D5  F0 03
F8D7  30 01
F8D9  60
D7A4  C8
D7A5  98
D7A6  AA
D7A7  A9 40
D7A9  8D 78 06
D7AC  20 DD F8
F8DD  24 01
F8DF  A0 40
F8E1  60
D7AF  CC 78 06
D7B2  20 E2 F8
F8E2  30 07
F8E4  90 05
F8E6  D0 03
F8E8  50 01
F8EA  60
D7B5  E8
D7B6  A9 3F
D7B8  8D 78 06
D7BB  20 EE F8
F8EE  B8
F8EF  60
D7BE  CC 78 06
D7C1  20 F0 F8
F8F0  F0 07
F8F2  30 05
F8F4  90 03
F8F6  70 01
F8F8  60
D7C4  E8
D7C5  A9 41
D7C7  8D 78 06
D7CA  CC 78 06
D7CD  20 FC F8
F8FC  F0 05
F8FE  10 03
F900  10 01
F902  60
D7D0  E8
D7D1  A9 00
D7D3  8D 78 06
D7D6  20 06 F9
F906  A0 80
F908  60
D7D9  CC 78 06
D7DC  20 09 F9
F909  F0 05
F90B  10 03
F90D  90 01
F90F  60
D7DF  E8
D7E0  A9 80
D7E2  8D 78 06
D7E5  CC 78 06
D7E8  20 13 F9
F913  D0 05
F915  30 03
F917  90 01
F919  60
D7EB  E8
D7EC  A9 81
D7EE  8D 78 06
D7F1  CC 78 06
D7F4  20 1D F9
F91D  B0 05
F91F  F0 03
F921  10 01
F923  60
D7F7  E8
D7F8  A9 7F
D7FA  8D 78 06
D7FD  CC 78 06
D800  20 27 F9
F927  90 05
F929  F0 03
F92B  30 01
F92D  60
D803  E8
D804  8A
D805  A8
D806  20 90 F9
F990  A2 55
F992  A9 FF
F994  85 01
F996  EA
F997  24 01
F999  38
F99A  A9 01
F99C  60
D809  8D 78 06
D80C  4E 78 06
D80F  AD 78 06
D812  20 9D F9
F99D  90 1B
F99F  D0 19
F9A1  30 17
F9A3  50 15
F9A5  C9 00
F9A7  D0 11
F9A9  B8
F9AA  A9 AA
F9AC  60
D815  C8
D816  8D 78 06
D819  4E 78 06
D81C  AD 78 06
D81F  20 AD F9
F9AD  B0 0B
F9AF  F0 09
F9B1  30 07
F9B3  70 05
F9B5  C9 55
F9B7  D0 01
F9B9  60
D822  C8
D823  20 BD F9
F9BD  24 01
F9BF  38
F9C0  A9 80
F9C2  60
D826  8D 78 06
D829  0E 78 06
D82C  AD 78 06
D82F  20 C3 F9
F9C3  90 1C
F9C5  D0 1A
F9C7  30 18
F9C9  50 16
F9CB  C9 00
F9CD  D0 12
F9CF  B8
F9D0  A9 55
F9D2  38
F9D3  60
D832  C8
D833  8D 78 06
D836  0E 78 06
D839  AD 78 06
D83C  20 D4 F9
F9D4  B0 0B
F9D6  F0 09
F9D8  10 07
F9DA  70 05
F9DC  C9 AA
F9DE  D0 01
F9E0  60
D83F  C8
D840  20 E4 F9
F9E4  24 01
F9E6  38
F9E7  A9 01
F9E9  60
D843  8D 78 06
D846  6E 78 06
D849  AD 78 06
D84C  20 EA F9
F9EA  90 1C
F9EC  F0 1A
F9EE  10 18
F9F0  50 16
F9F2  C9 80
F9F4  D0 12
F9F6  B8
F9F7  18
F9F8  A9 55
F9FA  60
D84F  C8
D850  8D 78 06
D853  6E 78 06
D856  AD 78 06
D859  20 FB F9
F9FB  90 0B
F9FD  F0 09
F9FF  30 07
FA01  70 05
FA03  C9 2A
FA05  D0 01
FA07  60
D85C  C8
D85D  20 0A FA
FA0A  24 01
FA0C  38
FA0D  A9 80
FA0F  60
D860  8D 78 06
D863  2E 78 06
D866  AD 78 06
D869  20 10 FA
FA10  90 1C
FA12  F0 1A
FA14  30 18
FA16  50 16
FA18  C9 01
FA1A  D0 12
FA1C  B8
FA1D  18
FA1E  A9 55
FA20  60
D86C  C8
D86D  8D 78 06
D870  2E 78 06
D873  AD 78 06
D876  20 21 FA
FA21  B0 0B
FA23  F0 09
FA25  10 07
FA27  70 05
FA29  C9 AA
FA2B  D0 01
FA2D  60
D879  A9 FF
D87B  8D 78 06
D87E  85 01
D880  24 01
D882  38
D883  EE 78 06
D886  D0 0D
D888  30 0B
D88A  50 09
D88C  90 07
D88E  AD 78 06
D891  C9 00
D893  F0 04
D899  A9 7F
D89B  8D 78 06
D89E  B8
D89F  18
D8A0  EE 78 06
D8A3  F0 0D
D8A5  10 0B
D8A7  70 09
D8A9  B0 07
D8AB  AD 78 06
D8AE  C9 80
D8B0  F0 04
D8B6  A9 00
D8B8  8D 78 06
D8BB  24 01
D8BD  38
D8BE  CE 78 06
D8C1  F0 0D
D8C3  10 0B
D8C5  50 09
D8C7  90 07
D8C9  AD 78 06
D8CC  C9 FF
D8CE  F0 04
D8D4  A9 80
D8D6  8D 78 06
D8D9  B8
D8DA  18
D8DB  CE 78 06
D8DE  F0 0D
D8E0  30 0B
D8E2  70 09
D8E4  B0 07
D8E6  AD 78 06
D8E9  C9 7F
D8EB  F0 04
D8F1  A9 01
D8F3  8D 78 06
D8F6  CE 78 06
D8F9  F0 04
D8FF  60
C618  20 00 D9
D900  A9 A3
D902  85 33
D904  A9 89
D906  8D 00 03
D909  A9 12
D90B  8D 45 02
D90E  A9 FF
D910  85 01
D912  A2 65
D914  A9 00
D916  85 89
D918  A9 03
D91A  85 8A
D91C  A0 00
D91E  38
D91F  A9 00
D921  B8
D922  B1 89
D924  F0 0C
D926  90 0A
D928  70 08
D92A  C9 89
D92C  D0 04
D92E  E0 65
D930  F0 04
D936  A9 FF
D938  85 97
D93A  85 98
D93C  24 98
D93E  A0 34
